Using pre-set license
Built from '2020.3/staging' branch; Version is '2020.3.21f1 (a38c86f6690f) revision 10718342'; Using compiler version '192528614'; Build Type 'Release'
OS: 'Windows 10 Pro; OS build 19045.3208; Version 2009; 64bit' Language: 'es' Physical Memory: 8078 MB
BatchMode: 1, IsHumanControllingUs: 0, StartBugReporterOnCrash: 0, Is64bit: 1, IsPro: 0

COMMAND LINE ARGUMENTS:
D:\Data Program\Unity\Hub\Editor\2020.3.21f1\Editor\Unity.exe
-adb2
-batchMode
-noUpm
-name
AssetImportWorker1
-projectPath
D:/Unity Proyects/Dino/Dino Matem치tica
-logFile
Logs/AssetImportWorker1.log
-srvPort
58329
Successfully changed project path to: D:/Unity Proyects/Dino/Dino Matem치tica
D:/Unity Proyects/Dino/Dino Matem치tica
Using Asset Import Pipeline V2.
Refreshing native plugins compatible for Editor in 355.23 ms, found 3 plugins.
Preloading 0 native plugins for Editor in 0.00 ms.
Initialize engine version: 2020.3.21f1 (a38c86f6690f)
[Subsystems] Discovering subsystems at path D:/Data Program/Unity/Hub/Editor/2020.3.21f1/Editor/Data/Resources/UnitySubsystems
[Subsystems] Discovering subsystems at path D:/Unity Proyects/Dino/Dino Matem치tica/Assets
GfxDevice: creating device client; threaded=0
Direct3D:
    Version:  Direct3D 11.0 [level 11.1]
    Renderer: Intel(R) HD Graphics 620 (ID=0x5916)
    Vendor:   
    VRAM:     4039 MB
    Driver:   31.0.101.2111
Initialize mono
Mono path[0] = 'D:/Data Program/Unity/Hub/Editor/2020.3.21f1/Editor/Data/Managed'
Mono path[1] = 'D:/Data Program/Unity/Hub/Editor/2020.3.21f1/Editor/Data/MonoBleedingEdge/lib/mono/unityjit'
Mono config path = 'D:/Data Program/Unity/Hub/Editor/2020.3.21f1/Editor/Data/MonoBleedingEdge/etc'
Using monoOptions --debugger-agent=transport=dt_socket,embedding=1,server=y,suspend=n,address=127.0.0.1:56668
Begin MonoManager ReloadAssembly
Registering precompiled unity dll's ...
Register platform support module: D:/Data Program/Unity/Hub/Editor/2020.3.21f1/Editor/Data/PlaybackEngines/WindowsStandaloneSupport/UnityEditor.WindowsStandalone.Extensions.dll
Registered in 0.002472 seconds.
Native extension for WindowsStandalone target not found
Refreshing native plugins compatible for Editor in 130.37 ms, found 3 plugins.
Preloading 0 native plugins for Editor in 0.00 ms.
Mono: successfully reloaded assembly
- Completed reload, in  3.295 seconds
Domain Reload Profiling:
	ReloadAssembly (3296ms)
		BeginReloadAssembly (227ms)
			ExecutionOrderSort (0ms)
			DisableScriptedObjects (0ms)
			BackupInstance (0ms)
			ReleaseScriptingObjects (0ms)
			CreateAndSetChildDomain (2ms)
		EndReloadAssembly (1367ms)
			LoadAssemblies (227ms)
			RebuildTransferFunctionScriptingTraits (0ms)
			SetupTypeCache (425ms)
			ReleaseScriptCaches (0ms)
			RebuildScriptCaches (81ms)
			SetupLoadedEditorAssemblies (590ms)
				LogAssemblyErrors (0ms)
				InitializePlatformSupportModulesInManaged (9ms)
				SetLoadedEditorAssemblies (0ms)
				RefreshPlugins (131ms)
				BeforeProcessingInitializeOnLoad (49ms)
				ProcessInitializeOnLoadAttributes (299ms)
				ProcessInitializeOnLoadMethodAttributes (101ms)
				AfterProcessingInitializeOnLoad (0ms)
				EditorAssembliesLoaded (0ms)
			ExecutionOrderSort2 (0ms)
			AwakeInstancesAfterBackupRestoration (0ms)
Platform modules already initialized, skipping
Registering precompiled user dll's ...
Registered in 0.006439 seconds.
Begin MonoManager ReloadAssembly
Native extension for WindowsStandalone target not found
Refreshing native plugins compatible for Editor in 130.17 ms, found 3 plugins.
Preloading 0 native plugins for Editor in 0.00 ms.
Mono: successfully reloaded assembly
- Completed reload, in  4.352 seconds
Domain Reload Profiling:
	ReloadAssembly (4354ms)
		BeginReloadAssembly (391ms)
			ExecutionOrderSort (0ms)
			DisableScriptedObjects (15ms)
			BackupInstance (0ms)
			ReleaseScriptingObjects (0ms)
			CreateAndSetChildDomain (46ms)
		EndReloadAssembly (3813ms)
			LoadAssemblies (1309ms)
			RebuildTransferFunctionScriptingTraits (0ms)
			SetupTypeCache (901ms)
			ReleaseScriptCaches (1ms)
			RebuildScriptCaches (152ms)
			SetupLoadedEditorAssemblies (1092ms)
				LogAssemblyErrors (0ms)
				InitializePlatformSupportModulesInManaged (12ms)
				SetLoadedEditorAssemblies (0ms)
				RefreshPlugins (130ms)
				BeforeProcessingInitializeOnLoad (201ms)
				ProcessInitializeOnLoadAttributes (665ms)
				ProcessInitializeOnLoadMethodAttributes (78ms)
				AfterProcessingInitializeOnLoad (6ms)
				EditorAssembliesLoaded (0ms)
			ExecutionOrderSort2 (0ms)
			AwakeInstancesAfterBackupRestoration (20ms)
Platform modules already initialized, skipping
========================================================================
Worker process is ready to serve import requests
Launched and connected shader compiler UnityShaderCompiler.exe after 0.19 seconds
Refreshing native plugins compatible for Editor in 0.88 ms, found 3 plugins.
Preloading 0 native plugins for Editor in 0.00 ms.
Unloading 2225 Unused Serialized files (Serialized files now loaded: 0)
System memory in use before: 118.2 MB.
System memory in use after: 118.3 MB.

Unloading 27 unused Assets to reduce memory usage. Loaded Objects now: 2683.
Total: 7.814300 ms (FindLiveObjects: 0.355700 ms CreateObjectMapping: 0.253600 ms MarkObjects: 7.148300 ms  DeleteObjects: 0.053200 ms)

AssetImportParameters requested are different than current active one (requested -> active):
  custom:framework-win-MediaFoundation: 216162199b28c13a410421893ffa2e32 -> 
  custom:video-decoder-ogg-theora: a1e56fd34408186e4bbccfd4996cb3dc -> 
  custom:container-muxer-webm: aa71ff27fc2769a1b78a27578f13a17b -> 
  custom:container-demuxer-webm: 4f35f7cbe854078d1ac9338744f61a02 -> 
  custom:container-demuxer-ogg: 62fdf1f143b41e24485cea50d1cbac27 -> 
  custom:video-encoder-webm-vp8: eb34c28f22e8b96e1ab97ce403110664 -> 
  custom:video-decoder-webm-vp8: 9c59270c3fd7afecdb556c50c9e8de78 -> 
  custom:audio-decoder-ogg-vorbis: bf7c407c2cedff20999df2af8eb42d56 -> 
  custom:audio-encoder-webm-vorbis: bf7c407c2cedff20999df2af8eb42d56 -> 
========================================================================
Received Import Request.
  path: Assets/Scenes/Nivel_2.unity
  artifactKey: Guid(acb8811ae3031f94984378196847b909) Importer(815301076,1909f56bfc062723c751e8b465ee728b)
Start importing Assets/Scenes/Nivel_2.unity using Guid(acb8811ae3031f94984378196847b909) Importer(815301076,1909f56bfc062723c751e8b465ee728b)  -> (artifact id: 'c4f9d8ef459baa33c5179465e03ef544') in 0.031392 seconds 
  Import took 0.103788 seconds .

========================================================================
Received Import Request.
  Time since last request: 43.308653 seconds.
  path: Assets/Scenes/Nivel_3.unity
  artifactKey: Guid(3760be3bc624560478739be3b6cd6998) Importer(815301076,1909f56bfc062723c751e8b465ee728b)
Start importing Assets/Scenes/Nivel_3.unity using Guid(3760be3bc624560478739be3b6cd6998) Importer(815301076,1909f56bfc062723c751e8b465ee728b)  -> (artifact id: 'ecb2efa18a6287c6295bef5480cefd52') in 0.008025 seconds 
  Import took 0.095483 seconds .

========================================================================
Received Import Request.
  Time since last request: 4779.230794 seconds.
  path: Assets/Scenes/Nivel_3.unity
  artifactKey: Guid(3760be3bc624560478739be3b6cd6998) Importer(815301076,1909f56bfc062723c751e8b465ee728b)
Start importing Assets/Scenes/Nivel_3.unity using Guid(3760be3bc624560478739be3b6cd6998) Importer(815301076,1909f56bfc062723c751e8b465ee728b)  -> (artifact id: '674a331201622c1263386db9ca0b50f7') in 0.007737 seconds 
  Import took 0.234848 seconds .

========================================================================
Received Import Request.
  Time since last request: 546.939033 seconds.
  path: Assets/Scenes/Nivel_3.unity
  artifactKey: Guid(3760be3bc624560478739be3b6cd6998) Importer(815301076,1909f56bfc062723c751e8b465ee728b)
Start importing Assets/Scenes/Nivel_3.unity using Guid(3760be3bc624560478739be3b6cd6998) Importer(815301076,1909f56bfc062723c751e8b465ee728b)  -> (artifact id: '45645636a3b6a48f34816620292a7c4b') in 0.004019 seconds 
  Import took 0.031825 seconds .

========================================================================
Received Import Request.
  Time since last request: 2247.917993 seconds.
  path: Assets/Sprites/Niveles Sprites/6.png
  artifactKey: Guid(c4ee9fe529f7af945a7ff1dc6208b32f) Importer(815301076,1909f56bfc062723c751e8b465ee728b)
Start importing Assets/Sprites/Niveles Sprites/6.png using Guid(c4ee9fe529f7af945a7ff1dc6208b32f) Importer(815301076,1909f56bfc062723c751e8b465ee728b)  -> (artifact id: '4049576b98cb7a5d2555cd64d36e569d') in 0.544725 seconds 
  Import took 0.560833 seconds .

========================================================================
Received Import Request.
  Time since last request: 0.000401 seconds.
  path: Assets/Sprites/Niveles Sprites/2.png
  artifactKey: Guid(331d81baca3eefa4e93ee83b570ab06e) Importer(815301076,1909f56bfc062723c751e8b465ee728b)
Start importing Assets/Sprites/Niveles Sprites/2.png using Guid(331d81baca3eefa4e93ee83b570ab06e) Importer(815301076,1909f56bfc062723c751e8b465ee728b)  -> (artifact id: 'fece721f463a40dbb6162a4d77ab8eab') in 0.034329 seconds 
  Import took 0.132827 seconds .

========================================================================
Received Import Request.
  Time since last request: 0.000398 seconds.
  path: Assets/Sprites/Niveles Sprites/1.png
  artifactKey: Guid(43fcc546f1477e4479f7e37e2fe44f8f) Importer(815301076,1909f56bfc062723c751e8b465ee728b)
Start importing Assets/Sprites/Niveles Sprites/1.png using Guid(43fcc546f1477e4479f7e37e2fe44f8f) Importer(815301076,1909f56bfc062723c751e8b465ee728b)  -> (artifact id: '3fdbacf079bf850d75f1dd7f9bcd79f4') in 0.090757 seconds 
  Import took 0.122059 seconds .

========================================================================
Received Import Request.
  Time since last request: 0.000431 seconds.
  path: Assets/Sprites/Niveles Sprites/3.png
  artifactKey: Guid(592073fc66ebce545826d3c0d0c04acc) Importer(815301076,1909f56bfc062723c751e8b465ee728b)
Start importing Assets/Sprites/Niveles Sprites/3.png using Guid(592073fc66ebce545826d3c0d0c04acc) Importer(815301076,1909f56bfc062723c751e8b465ee728b)  -> (artifact id: '5b27bbadd32994dc48981c37c1585c78') in 0.039499 seconds 
  Import took 0.060565 seconds .

========================================================================
Received Import Request.
  Time since last request: 0.000436 seconds.
  path: Assets/Sprites/Niveles Sprites/5.png
  artifactKey: Guid(1450618d501294246ad3b90597917b29) Importer(815301076,1909f56bfc062723c751e8b465ee728b)
Start importing Assets/Sprites/Niveles Sprites/5.png using Guid(1450618d501294246ad3b90597917b29) Importer(815301076,1909f56bfc062723c751e8b465ee728b)  -> (artifact id: '1984c7d2522fde3214d87f30c76d20cc') in 0.031806 seconds 
  Import took 0.068005 seconds .

========================================================================
Received Import Request.
  Time since last request: 0.000445 seconds.
  path: Assets/Sprites/Niveles Sprites/4.png
  artifactKey: Guid(3f6b5d94e6431dc4e9c4b50d5fef7464) Importer(815301076,1909f56bfc062723c751e8b465ee728b)
Start importing Assets/Sprites/Niveles Sprites/4.png using Guid(3f6b5d94e6431dc4e9c4b50d5fef7464) Importer(815301076,1909f56bfc062723c751e8b465ee728b)  -> (artifact id: '752e6fbc8935865355bcb99109237b7f') in 0.035773 seconds 
  Import took 0.054613 seconds .

========================================================================
Received Import Request.
  Time since last request: 86.029490 seconds.
  path: Assets/Sprites/Niveles Sprites/suma_nivel_2_3.png
  artifactKey: Guid(3f6b5d94e6431dc4e9c4b50d5fef7464) Importer(815301076,1909f56bfc062723c751e8b465ee728b)
Start importing Assets/Sprites/Niveles Sprites/suma_nivel_2_3.png using Guid(3f6b5d94e6431dc4e9c4b50d5fef7464) Importer(815301076,1909f56bfc062723c751e8b465ee728b)  -> (artifact id: '3cf75c2c35b265a161d2d6c709ef1521') in 0.031481 seconds 
  Import took 0.053657 seconds .

========================================================================
Received Import Request.
  Time since last request: 46.931971 seconds.
  path: Assets/Sprites/Niveles Sprites/suma_nivel 2_3.png
  artifactKey: Guid(3f6b5d94e6431dc4e9c4b50d5fef7464) Importer(815301076,1909f56bfc062723c751e8b465ee728b)
Start importing Assets/Sprites/Niveles Sprites/suma_nivel 2_3.png using Guid(3f6b5d94e6431dc4e9c4b50d5fef7464) Importer(815301076,1909f56bfc062723c751e8b465ee728b)  -> (artifact id: '11dc9cde8434ec13d97c501e89b190dc') in 0.018237 seconds 
  Import took 0.050101 seconds .

========================================================================
Received Import Request.
  Time since last request: 35.599925 seconds.
  path: Assets/Sprites/Niveles Sprites/suma_nivel2_3.png
  artifactKey: Guid(3f6b5d94e6431dc4e9c4b50d5fef7464) Importer(815301076,1909f56bfc062723c751e8b465ee728b)
Start importing Assets/Sprites/Niveles Sprites/suma_nivel2_3.png using Guid(3f6b5d94e6431dc4e9c4b50d5fef7464) Importer(815301076,1909f56bfc062723c751e8b465ee728b)  -> (artifact id: '8673819eb6497017dd7c5c0209d2948e') in 0.030672 seconds 
  Import took 0.051640 seconds .

========================================================================
Received Import Request.
  Time since last request: 693.666667 seconds.
  path: Assets/Scenes/Nivel_3.unity
  artifactKey: Guid(3760be3bc624560478739be3b6cd6998) Importer(815301076,1909f56bfc062723c751e8b465ee728b)
Start importing Assets/Scenes/Nivel_3.unity using Guid(3760be3bc624560478739be3b6cd6998) Importer(815301076,1909f56bfc062723c751e8b465ee728b)  -> (artifact id: 'd28be9e09d456c260a135d45d40fb4df') in 0.006025 seconds 
  Import took 0.082170 seconds .

========================================================================
Received Import Request.
  Time since last request: 63.549051 seconds.
  path: Assets/Sprites/Niveles Sprites/RESTAS.png
  artifactKey: Guid(43fcc546f1477e4479f7e37e2fe44f8f) Importer(815301076,1909f56bfc062723c751e8b465ee728b)
Start importing Assets/Sprites/Niveles Sprites/RESTAS.png using Guid(43fcc546f1477e4479f7e37e2fe44f8f) Importer(815301076,1909f56bfc062723c751e8b465ee728b)  -> (artifact id: '1eaab65381487f53803d678dd4616a36') in 0.022065 seconds 
  Import took 0.119328 seconds .

========================================================================
Received Import Request.
  Time since last request: 226.409952 seconds.
  path: Assets/Sprites/Niveles Sprites/resta_nivel4 1_1.png
  artifactKey: Guid(331d81baca3eefa4e93ee83b570ab06e) Importer(815301076,1909f56bfc062723c751e8b465ee728b)
Start importing Assets/Sprites/Niveles Sprites/resta_nivel4 1_1.png using Guid(331d81baca3eefa4e93ee83b570ab06e) Importer(815301076,1909f56bfc062723c751e8b465ee728b)  -> (artifact id: 'fdc4106ba4c6db20634ab39ed93dc979') in 0.036122 seconds 
  Import took 0.052851 seconds .

========================================================================
Received Import Request.
  Time since last request: 41.976835 seconds.
  path: Assets/Sprites/Niveles Sprites/resta_nivel4 2.png
  artifactKey: Guid(592073fc66ebce545826d3c0d0c04acc) Importer(815301076,1909f56bfc062723c751e8b465ee728b)
Start importing Assets/Sprites/Niveles Sprites/resta_nivel4 2.png using Guid(592073fc66ebce545826d3c0d0c04acc) Importer(815301076,1909f56bfc062723c751e8b465ee728b)  -> (artifact id: '97a679e1801a87c19aa07f47631aa65b') in 0.018688 seconds 
  Import took 0.039584 seconds .

========================================================================
Received Import Request.
  Time since last request: 39.719642 seconds.
  path: Assets/Sprites/Niveles Sprites/resta_nivel4 1.png
  artifactKey: Guid(331d81baca3eefa4e93ee83b570ab06e) Importer(815301076,1909f56bfc062723c751e8b465ee728b)
Start importing Assets/Sprites/Niveles Sprites/resta_nivel4 1.png using Guid(331d81baca3eefa4e93ee83b570ab06e) Importer(815301076,1909f56bfc062723c751e8b465ee728b)  -> (artifact id: '9228ab8629eda68068596f744553d3eb') in 0.028103 seconds 
  Import took 0.042702 seconds .

========================================================================
Received Import Request.
  Time since last request: 19.806510 seconds.
  path: Assets/Sprites/Niveles Sprites/resta_nivel4 3.png
  artifactKey: Guid(c4ee9fe529f7af945a7ff1dc6208b32f) Importer(815301076,1909f56bfc062723c751e8b465ee728b)
Start importing Assets/Sprites/Niveles Sprites/resta_nivel4 3.png using Guid(c4ee9fe529f7af945a7ff1dc6208b32f) Importer(815301076,1909f56bfc062723c751e8b465ee728b)  -> (artifact id: '61fd187c3d7c363db033374f3eacfd3b') in 0.018406 seconds 
  Import took 0.032090 seconds .

========================================================================
Received Import Request.
  Time since last request: 10.419015 seconds.
  path: Assets/Sprites/Niveles Sprites/resta_nivel4 4.png
  artifactKey: Guid(1450618d501294246ad3b90597917b29) Importer(815301076,1909f56bfc062723c751e8b465ee728b)
Start importing Assets/Sprites/Niveles Sprites/resta_nivel4 4.png using Guid(1450618d501294246ad3b90597917b29) Importer(815301076,1909f56bfc062723c751e8b465ee728b)  -> (artifact id: 'e03f51c47f405ea633d7d91ce0edc569') in 0.028479 seconds 
  Import took 0.056770 seconds .

========================================================================
Received Import Request.
  Time since last request: 55.940032 seconds.
  path: Assets/Scenes/Nivel_3.unity
  artifactKey: Guid(3760be3bc624560478739be3b6cd6998) Importer(815301076,1909f56bfc062723c751e8b465ee728b)
Start importing Assets/Scenes/Nivel_3.unity using Guid(3760be3bc624560478739be3b6cd6998) Importer(815301076,1909f56bfc062723c751e8b465ee728b)  -> (artifact id: 'd452dde5fc0d4f481e34e38aafd123f4') in 0.004619 seconds 
  Import took 0.049256 seconds .

========================================================================
Received Import Request.
  Time since last request: 0.452406 seconds.
  path: Assets/Scenes/Nivel_2.unity
  artifactKey: Guid(acb8811ae3031f94984378196847b909) Importer(815301076,1909f56bfc062723c751e8b465ee728b)
Start importing Assets/Scenes/Nivel_2.unity using Guid(acb8811ae3031f94984378196847b909) Importer(815301076,1909f56bfc062723c751e8b465ee728b)  -> (artifact id: 'a2b58cc6fbdff87b77f91e6bd64d5b09') in 0.004703 seconds 
  Import took 0.034694 seconds .

AssetImportWorkerClient::OnTransportError - code=2 error=End of file
