Using pre-set license
Built from '2020.3/staging' branch; Version is '2020.3.21f1 (a38c86f6690f) revision 10718342'; Using compiler version '192528614'; Build Type 'Release'
OS: 'Windows 10 Pro; OS build 19045.3208; Version 2009; 64bit' Language: 'es' Physical Memory: 8078 MB
BatchMode: 1, IsHumanControllingUs: 0, StartBugReporterOnCrash: 0, Is64bit: 1, IsPro: 0

COMMAND LINE ARGUMENTS:
D:\Data Program\Unity\Hub\Editor\2020.3.21f1\Editor\Unity.exe
-adb2
-batchMode
-noUpm
-name
AssetImportWorker1
-projectPath
D:/Unity Proyects/Dino/Dino Matem치tica
-logFile
Logs/AssetImportWorker1.log
-srvPort
56081
Successfully changed project path to: D:/Unity Proyects/Dino/Dino Matem치tica
D:/Unity Proyects/Dino/Dino Matem치tica
Using Asset Import Pipeline V2.
Refreshing native plugins compatible for Editor in 62.17 ms, found 3 plugins.
Preloading 0 native plugins for Editor in 0.00 ms.
Initialize engine version: 2020.3.21f1 (a38c86f6690f)
[Subsystems] Discovering subsystems at path D:/Data Program/Unity/Hub/Editor/2020.3.21f1/Editor/Data/Resources/UnitySubsystems
[Subsystems] Discovering subsystems at path D:/Unity Proyects/Dino/Dino Matem치tica/Assets
GfxDevice: creating device client; threaded=0
Direct3D:
    Version:  Direct3D 11.0 [level 11.1]
    Renderer: Intel(R) HD Graphics 620 (ID=0x5916)
    Vendor:   
    VRAM:     4039 MB
    Driver:   31.0.101.2111
Initialize mono
Mono path[0] = 'D:/Data Program/Unity/Hub/Editor/2020.3.21f1/Editor/Data/Managed'
Mono path[1] = 'D:/Data Program/Unity/Hub/Editor/2020.3.21f1/Editor/Data/MonoBleedingEdge/lib/mono/unityjit'
Mono config path = 'D:/Data Program/Unity/Hub/Editor/2020.3.21f1/Editor/Data/MonoBleedingEdge/etc'
Using monoOptions --debugger-agent=transport=dt_socket,embedding=1,server=y,suspend=n,address=127.0.0.1:56112
Begin MonoManager ReloadAssembly
Registering precompiled unity dll's ...
Register platform support module: D:/Data Program/Unity/Hub/Editor/2020.3.21f1/Editor/Data/PlaybackEngines/WindowsStandaloneSupport/UnityEditor.WindowsStandalone.Extensions.dll
Registered in 0.001485 seconds.
Native extension for WindowsStandalone target not found
Refreshing native plugins compatible for Editor in 75.34 ms, found 3 plugins.
Preloading 0 native plugins for Editor in 0.00 ms.
Mono: successfully reloaded assembly
- Completed reload, in  1.228 seconds
Domain Reload Profiling:
	ReloadAssembly (1228ms)
		BeginReloadAssembly (81ms)
			ExecutionOrderSort (0ms)
			DisableScriptedObjects (0ms)
			BackupInstance (0ms)
			ReleaseScriptingObjects (0ms)
			CreateAndSetChildDomain (2ms)
		EndReloadAssembly (640ms)
			LoadAssemblies (78ms)
			RebuildTransferFunctionScriptingTraits (0ms)
			SetupTypeCache (208ms)
			ReleaseScriptCaches (0ms)
			RebuildScriptCaches (41ms)
			SetupLoadedEditorAssemblies (249ms)
				LogAssemblyErrors (0ms)
				InitializePlatformSupportModulesInManaged (5ms)
				SetLoadedEditorAssemblies (0ms)
				RefreshPlugins (75ms)
				BeforeProcessingInitializeOnLoad (20ms)
				ProcessInitializeOnLoadAttributes (112ms)
				ProcessInitializeOnLoadMethodAttributes (36ms)
				AfterProcessingInitializeOnLoad (0ms)
				EditorAssembliesLoaded (0ms)
			ExecutionOrderSort2 (0ms)
			AwakeInstancesAfterBackupRestoration (0ms)
Platform modules already initialized, skipping
Registering precompiled user dll's ...
Registered in 0.004175 seconds.
Begin MonoManager ReloadAssembly
Native extension for WindowsStandalone target not found
Refreshing native plugins compatible for Editor in 62.71 ms, found 3 plugins.
Preloading 0 native plugins for Editor in 0.00 ms.
Mono: successfully reloaded assembly
- Completed reload, in  3.322 seconds
Domain Reload Profiling:
	ReloadAssembly (3324ms)
		BeginReloadAssembly (179ms)
			ExecutionOrderSort (0ms)
			DisableScriptedObjects (5ms)
			BackupInstance (0ms)
			ReleaseScriptingObjects (0ms)
			CreateAndSetChildDomain (24ms)
		EndReloadAssembly (3074ms)
			LoadAssemblies (1894ms)
			RebuildTransferFunctionScriptingTraits (0ms)
			SetupTypeCache (430ms)
			ReleaseScriptCaches (0ms)
			RebuildScriptCaches (63ms)
			SetupLoadedEditorAssemblies (489ms)
				LogAssemblyErrors (0ms)
				InitializePlatformSupportModulesInManaged (5ms)
				SetLoadedEditorAssemblies (0ms)
				RefreshPlugins (63ms)
				BeforeProcessingInitializeOnLoad (95ms)
				ProcessInitializeOnLoadAttributes (294ms)
				ProcessInitializeOnLoadMethodAttributes (28ms)
				AfterProcessingInitializeOnLoad (3ms)
				EditorAssembliesLoaded (0ms)
			ExecutionOrderSort2 (0ms)
			AwakeInstancesAfterBackupRestoration (8ms)
Platform modules already initialized, skipping
========================================================================
Worker process is ready to serve import requests
Launched and connected shader compiler UnityShaderCompiler.exe after 0.11 seconds
Refreshing native plugins compatible for Editor in 0.76 ms, found 3 plugins.
Preloading 0 native plugins for Editor in 0.00 ms.
Unloading 2225 Unused Serialized files (Serialized files now loaded: 0)
System memory in use before: 118.2 MB.
System memory in use after: 118.3 MB.

Unloading 27 unused Assets to reduce memory usage. Loaded Objects now: 2683.
Total: 4.951200 ms (FindLiveObjects: 0.334500 ms CreateObjectMapping: 0.279800 ms MarkObjects: 4.298200 ms  DeleteObjects: 0.037300 ms)

AssetImportParameters requested are different than current active one (requested -> active):
  custom:framework-win-MediaFoundation: 216162199b28c13a410421893ffa2e32 -> 
  custom:video-decoder-ogg-theora: a1e56fd34408186e4bbccfd4996cb3dc -> 
  custom:container-muxer-webm: aa71ff27fc2769a1b78a27578f13a17b -> 
  custom:container-demuxer-webm: 4f35f7cbe854078d1ac9338744f61a02 -> 
  custom:container-demuxer-ogg: 62fdf1f143b41e24485cea50d1cbac27 -> 
  custom:video-encoder-webm-vp8: eb34c28f22e8b96e1ab97ce403110664 -> 
  custom:video-decoder-webm-vp8: 9c59270c3fd7afecdb556c50c9e8de78 -> 
  custom:audio-decoder-ogg-vorbis: bf7c407c2cedff20999df2af8eb42d56 -> 
  custom:audio-encoder-webm-vorbis: bf7c407c2cedff20999df2af8eb42d56 -> 
========================================================================
Received Import Request.
  path: Assets/Scenes/Nivel_3.unity
  artifactKey: Guid(3760be3bc624560478739be3b6cd6998) Importer(815301076,1909f56bfc062723c751e8b465ee728b)
Start importing Assets/Scenes/Nivel_3.unity using Guid(3760be3bc624560478739be3b6cd6998) Importer(815301076,1909f56bfc062723c751e8b465ee728b)  -> (artifact id: '3ea8ddcc2b6cdbd6fd1f32461778b1b7') in 0.044158 seconds 
  Import took 0.048408 seconds .

========================================================================
Received Import Request.
  Time since last request: 4.344568 seconds.
  path: Assets/Scenes/Nivel_3.unity
  artifactKey: Guid(3760be3bc624560478739be3b6cd6998) Importer(815301076,1909f56bfc062723c751e8b465ee728b)
Start importing Assets/Scenes/Nivel_3.unity using Guid(3760be3bc624560478739be3b6cd6998) Importer(815301076,1909f56bfc062723c751e8b465ee728b)  -> (artifact id: 'a73174525ea1c2f8861a6cda108e2bf3') in 0.002736 seconds 
  Import took 0.023230 seconds .

========================================================================
Received Import Request.
  Time since last request: 1028.387112 seconds.
  path: Assets/Scenes/Nivel_4.unity
  artifactKey: Guid(334ecffa9c2475747bbbb8bf07ef0320) Importer(815301076,1909f56bfc062723c751e8b465ee728b)
Start importing Assets/Scenes/Nivel_4.unity using Guid(334ecffa9c2475747bbbb8bf07ef0320) Importer(815301076,1909f56bfc062723c751e8b465ee728b)  -> (artifact id: '7534921dcb12085fc5c39a9d64882ce6') in 0.004648 seconds 
  Import took 0.056138 seconds .

========================================================================
Received Import Request.
  Time since last request: 4924.771730 seconds.
  path: Assets/Fondos/Nivel4
  artifactKey: Guid(6c1170e49b253104b88a6856278d061f) Importer(815301076,1909f56bfc062723c751e8b465ee728b)
Start importing Assets/Fondos/Nivel4 using Guid(6c1170e49b253104b88a6856278d061f) Importer(815301076,1909f56bfc062723c751e8b465ee728b)  -> (artifact id: '27c017f49dad660138503e90f7c1ab9b') in 0.005120 seconds 
  Import took 0.041336 seconds .

========================================================================
Received Import Request.
  Time since last request: 7.302852 seconds.
  path: Assets/Fondos/Nivel 4
  artifactKey: Guid(6c1170e49b253104b88a6856278d061f) Importer(815301076,1909f56bfc062723c751e8b465ee728b)
Start importing Assets/Fondos/Nivel 4 using Guid(6c1170e49b253104b88a6856278d061f) Importer(815301076,1909f56bfc062723c751e8b465ee728b)  -> (artifact id: '499d9bb570caa15956a019c7afa7923e') in 0.002191 seconds 
  Import took 0.037894 seconds .

========================================================================
Received Import Request.
  Time since last request: 1855.144743 seconds.
  path: Assets/Fondos/Background_0.png
  artifactKey: Guid(6f9a76f844797a14584362f49b5b4164) Importer(815301076,1909f56bfc062723c751e8b465ee728b)
Start importing Assets/Fondos/Background_0.png using Guid(6f9a76f844797a14584362f49b5b4164) Importer(815301076,1909f56bfc062723c751e8b465ee728b)  -> (artifact id: '764a1ee20cb0a6eb7e031397ae6c06b3') in 0.426832 seconds 
  Import took 0.443282 seconds .

========================================================================
Received Import Request.
  Time since last request: 365.797404 seconds.
  path: Assets/Fondos/Nivel 4/New Material.mat
  artifactKey: Guid(e5d97a4b24381164ab50202c1a3fe145) Importer(815301076,1909f56bfc062723c751e8b465ee728b)
Start importing Assets/Fondos/Nivel 4/New Material.mat using Guid(e5d97a4b24381164ab50202c1a3fe145) Importer(815301076,1909f56bfc062723c751e8b465ee728b)  -> (artifact id: '9e4b41296fe2cbbff52601e19a5ed495') in 0.156915 seconds 
  Import took 0.185367 seconds .

========================================================================
Received Import Request.
  Time since last request: 39.229738 seconds.
  path: Assets/Fondos/Nivel 4/FondoLejosMat.mat
  artifactKey: Guid(e5d97a4b24381164ab50202c1a3fe145) Importer(815301076,1909f56bfc062723c751e8b465ee728b)
Start importing Assets/Fondos/Nivel 4/FondoLejosMat.mat using Guid(e5d97a4b24381164ab50202c1a3fe145) Importer(815301076,1909f56bfc062723c751e8b465ee728b)  -> (artifact id: '4646e76b76533220874b3babb736666c') in 0.029633 seconds 
  Import took 0.057365 seconds .

========================================================================
Received Import Request.
  Time since last request: 57.610152 seconds.
  path: Assets/Fondos/Nivel 4/Background_0.png
  artifactKey: Guid(6f9a76f844797a14584362f49b5b4164) Importer(815301076,1909f56bfc062723c751e8b465ee728b)
Start importing Assets/Fondos/Nivel 4/Background_0.png using Guid(6f9a76f844797a14584362f49b5b4164) Importer(815301076,1909f56bfc062723c751e8b465ee728b)  -> (artifact id: 'bc8166be9c1804884ac214e77de62070') in 0.017326 seconds 
  Import took 0.071792 seconds .

========================================================================
Received Import Request.
  Time since last request: 5085.522915 seconds.
  path: Assets/Scenes/Nivel_3.unity
  artifactKey: Guid(3760be3bc624560478739be3b6cd6998) Importer(815301076,1909f56bfc062723c751e8b465ee728b)
Start importing Assets/Scenes/Nivel_3.unity using Guid(3760be3bc624560478739be3b6cd6998) Importer(815301076,1909f56bfc062723c751e8b465ee728b)  -> (artifact id: 'f93a0a9be5af672d9106ff910e8eec80') in 0.004015 seconds 
  Import took 0.049646 seconds .

========================================================================
Received Import Request.
  Time since last request: 67.995079 seconds.
  path: Assets/Scenes/Nivel_3.unity
  artifactKey: Guid(3760be3bc624560478739be3b6cd6998) Importer(815301076,1909f56bfc062723c751e8b465ee728b)
Start importing Assets/Scenes/Nivel_3.unity using Guid(3760be3bc624560478739be3b6cd6998) Importer(815301076,1909f56bfc062723c751e8b465ee728b)  -> (artifact id: '001ffe60f5034737daf29f33253103d7') in 0.003152 seconds 
  Import took 0.052560 seconds .

AssetImportWorkerClient::OnTransportError - code=2 error=End of file
